Arguments: 
  C:\Program Files\nodejs\node.exe C:\Users\Lee\AppData\Roaming\npm\node_modules\yarn\bin\yarn.js

PATH: 
  C:\Users\Lee\bin;C:\Program Files\Git\mingw64\bin;C:\Program Files\Git\usr\local\bin;C:\Program Files\Git\usr\bin;C:\Program Files\Git\usr\bin;C:\Program Files\Git\mingw64\bin;C:\Program Files\Git\usr\bin;C:\Users\Lee\bin;C:\WINDOWS\system32;C:\WINDOWS;C:\WINDOWS\System32\Wbem;C:\WINDOWS\System32\WindowsPowerShell\v1.0;C:\Program Files\PuTTY;C:\WINDOWS\System32\OpenSSH;C:\Program Files\nodejs;C:\Program Files\Git\cmd;C:\Users\Lee\.windows-build-tools\python27;C:\Program Files\nodejs\node_modules\npm\node_modules\npm-lifecycle\node-gyp-bin;C:\Users\Lee\AppData\Roaming\npm\node_modules\windows-build-tools\node_modules\.bin;C:\Users\Lee\AppData\Roaming\npm\node_modules\.bin;C:\Users\Lee\AppData\Local\Microsoft\WindowsApps;C:\Users\Lee\AppData\Roaming\npm;C:\Users\Lee\AppData\Local\GitHubDesktop\bin;C:\Program Files\Git\usr\bin\vendor_perl;C:\Program Files\Git\usr\bin\core_perl

Yarn version: 
  1.13.0

Node version: 
  10.15.1

Platform: 
  win32 x64

Trace: 
  SyntaxError: C:\Users\Lee\package.json: Unexpected token : in JSON at position 9
      at JSON.parse (<anonymous>)
      at C:\Users\Lee\AppData\Roaming\npm\node_modules\yarn\lib\cli.js:1625:59
      at Generator.next (<anonymous>)
      at step (C:\Users\Lee\AppData\Roaming\npm\node_modules\yarn\lib\cli.js:304:30)
      at C:\Users\Lee\AppData\Roaming\npm\node_modules\yarn\lib\cli.js:315:13

npm manifest: 
  {
    "private": true,
    "productName": "Entry",
    "name": "entry",
    "version": "2.0.2",
    "description": "Entry for offline",
    "main": "src/main_build/main.bundle.js",
    "scripts": {
      "start": "electron .",
      "debug": "electron --inspect .",
      "webpack:dev": "cross-env NODE_ENV=development webpack",
      "webpack:prod": "cross-env NODE_ENV=production webpack",
      "watch": "cross-env NODE_ENV=development webpack -w",
      "lint": "eslint src --color",
      "rebuild": "electron-rebuild -v 4.0.4",
      "dist:win32": "cross-env NODE_ENV=production webpack && build -c --ia32",
      "dist:win64": "cross-env NODE_ENV=production webpack && build -c --x64",
      "dist:mac": "cross-env NODE_ENV=production webpack && build -c --mac"
    },
    "keywords": [
      "entry",
      "entry-offline"
    ],
    "author": "entrylabs",
    "license": "MIT",
    "dependencies": {
      "@babel/runtime": "^7.2.0",
      "@entrylabs/bindings": "^1.0.0",
      "@serialport/stream": "^2.0.4",
      "archiver": "^3.0.0",
      "bignumber.js": "^8.0.1",
      "debug": "^4.1.1",
      "decompress": "^4.2.0",
      "entry-tool": "^1.0.7",
      "excel4node": "^1.7.0",
      "fstream": "^1.0.11",
      "image-size": "^0.7.1",
      "jquery": "^3.3.1",
      "jszip": "^3.1.5",
      "lodash": "^4.17.11",
      "mp3-duration": "^1.1.0",
      "object.assign": "^4.1.0",
      "react": "^16.7.0",
      "react-dom": "^16.7.0",
      "react-redux": "^6.0.0",
      "redux": "^4.0.1",
      "redux-persist": "^5.10.0",
      "rimraf": "^2.6.3",
      "socket.io": "1.7.3",
      "socket.io-client": "1.7.3",
      "tar": "2.2.1",
      "window-or-global": "^1.0.1",
      "xml2js": "^0.4.19",
      "yarn": "^1.13.0"
    },
    "devDependencies": {
      "@babel/core": "^7.2.2",
      "@babel/plugin-proposal-class-properties": "^7.2.3",
      "@babel/plugin-syntax-dynamic-import": "^7.2.0",
      "@babel/plugin-transform-runtime": "^7.2.0",
      "@babel/preset-env": "^7.2.3",
      "@babel/preset-react": "^7.0.0",
      "babel-eslint": "^10.0.1",
      "babel-loader": "^8.0.5",
      "babel-plugin-async-import": "^2.0.2",
      "babel-plugin-transform-async-to-generator": "^6.24.1",
      "cross-env": "^5.2.0",
      "css-loader": "^2.1.0",
      "electron": "^4.0.4",
      "electron-builder": "^20.38.5",
      "electron-rebuild": "^1.8.4",
      "eslint": "^5.12.0",
      "eslint-config-react-app": "^3.0.6",
      "eslint-plugin-flowtype": "^3.2.0",
      "eslint-plugin-import": "^2.14.0",
      "eslint-plugin-jsx-a11y": "^6.1.2",
      "eslint-plugin-react": "^7.12.3",
      "extract-text-webpack-plugin": "^4.0.0-beta.0",
      "less-loader": "^4.1.0",
      "node-sass": "^4.11.0",
      "prettier": "^1.15.3",
      "sass-loader": "^7.1.0",
      "style-loader": "^0.23.1",
      "url-loader": "^1.1.2",
      "webpack": "^4.28.3",
      "webpack-cli": "^3.2.0"
    }
  }

yarn manifest: 
  No manifest

Lockfile: 
  No lockfile
